<html>
<head>
<title>TestNG:  Default test</title>
<link href="../testng.css" rel="stylesheet" type="text/css" />
<link href="../my-testng.css" rel="stylesheet" type="text/css" />

<style type="text/css">
.log { display: none;} 
.stack-trace { display: none;} 
</style>
<script type="text/javascript">
<!--
function flip(e) {
  current = e.style.display;
  if (current == 'block') {
    e.style.display = 'none';
    return 0;
  }
  else {
    e.style.display = 'block';
    return 1;
  }
}

function toggleBox(szDivId, elem, msg1, msg2)
{
  var res = -1;  if (document.getElementById) {
    res = flip(document.getElementById(szDivId));
  }
  else if (document.all) {
    // this is the way old msie versions work
    res = flip(document.all[szDivId]);
  }
  if(elem) {
    if(res == 0) elem.innerHTML = msg1; else elem.innerHTML = msg2;
  }

}

function toggleAllBoxes() {
  if (document.getElementsByTagName) {
    d = document.getElementsByTagName('div');
    for (i = 0; i < d.length; i++) {
      if (d[i].className == 'log') {
        flip(d[i]);
      }
    }
  }
}

// -->
</script>

</head>
<body>
<h2 align='center'>Default test</h2><table border='1' align="center">
<tr>
<td>Tests passed/Failed/Skipped:</td><td>7/13/0</td>
</tr><tr>
<td>Started on:</td><td>Sat Dec 24 12:11:04 EST 2022</td>
</tr>
<tr><td>Total time:</td><td>158 seconds (158216 ms)</td>
</tr><tr>
<td>Included groups:</td><td></td>
</tr><tr>
<td>Excluded groups:</td><td></td>
</tr>
</table><p/>
<small><i>(Hover the method name to see the test class name)</i></small><p/>
<table width='100%' border='1' class='invocation-failed'>
<tr><td colspan='4' align='center'><b>FAILED TESTS</b></td></tr>
<tr><td><b>Test method</b></td>
<td><b>Attribute(s)</b></td>
<td width="30%"><b>Exception</b></td>
<td width="10%"><b>Time (seconds)</b></td>
<td><b>Instance</b></td>
</tr>
<tr>
<td title='com.runner.Runner.runScenario()'><b>runScenario</b><br>Test class: com.runner.Runner<br>Test method: Runs Cucumber Scenarios<br>Parameters: "signIn validation with inValid inputs", "Optional[Login]"</td>
<td><div><pre>java.lang.NullPointerException: Cannot invoke &quot;com.pageObjects.StartPage.clickGetStartedBtn()&quot; because &quot;this.sp&quot; is null
	at com.stepDefinations.RegisterStepDef.user_clicks_on_button(RegisterStepDef.java:24)
	at ✽.user clicks on &quot;Get started&quot; button(file:///C:/Users/chpra/git/DS-ALGO/src/test/resources/features/login.feature:5)
</pre></div><a href='#' onClick='toggleBox("stack-trace722929970", this, "Click to show all stack frames", "Click to hide stack frames")'>Click to show all stack frames</a>
<div class='stack-trace' id='stack-trace722929970'><pre>java.lang.NullPointerException: Cannot invoke &quot;com.pageObjects.StartPage.clickGetStartedBtn()&quot; because &quot;this.sp&quot; is null
	at com.stepDefinations.RegisterStepDef.user_clicks_on_button(RegisterStepDef.java:24)
	at ✽.user clicks on &quot;Get started&quot; button(file:///C:/Users/chpra/git/DS-ALGO/src/test/resources/features/login.feature:5)
</pre></div></td>
<td>0</td>
<td>com.runner.Runner@bcec361</td></tr>
<tr>
<td title='com.runner.Runner.runScenario()'><b>runScenario</b><br>Test class: com.runner.Runner<br>Test method: Runs Cucumber Scenarios<br>Parameters: "Register validation with valid inputs", "Optional[Register]"</td>
<td><div><pre>java.lang.AssertionError: expected [true] but found [false]
	at org.testng.Assert.fail(Assert.java:110)
	at org.testng.Assert.failNotEquals(Assert.java:1413)
	at org.testng.Assert.assertEqualsImpl(Assert.java:149)
	at org.testng.Assert.assertEquals(Assert.java:131)
	at org.testng.Assert.assertEquals(Assert.java:976)
	at org.testng.Assert.assertEquals(Assert.java:1010)
	at com.stepDefinations.RegisterStepDef.user_should_be_successfully_able_to_see_the_label_as(RegisterStepDef.java:46)
	at ✽.user should be successfully able to see the label as &quot;New Account Created.&quot;(file:///C:/Users/chpra/git/DS-ALGO/src/test/resources/features/2register.feature:13)
</pre></div><a href='#' onClick='toggleBox("stack-trace431939256", this, "Click to show all stack frames", "Click to hide stack frames")'>Click to show all stack frames</a>
<div class='stack-trace' id='stack-trace431939256'><pre>java.lang.AssertionError: expected [true] but found [false]
	at org.testng.Assert.fail(Assert.java:110)
	at org.testng.Assert.failNotEquals(Assert.java:1413)
	at org.testng.Assert.assertEqualsImpl(Assert.java:149)
	at org.testng.Assert.assertEquals(Assert.java:131)
	at org.testng.Assert.assertEquals(Assert.java:976)
	at org.testng.Assert.assertEquals(Assert.java:1010)
	at com.stepDefinations.RegisterStepDef.user_should_be_successfully_able_to_see_the_label_as(RegisterStepDef.java:46)
	at ✽.user should be successfully able to see the label as &quot;New Account Created.&quot;(file:///C:/Users/chpra/git/DS-ALGO/src/test/resources/features/2register.feature:13)
</pre></div></td>
<td>15</td>
<td>com.runner.Runner@bcec361</td></tr>
<tr>
<td title='com.runner.Runner.runScenario()'><b>runScenario</b><br>Test class: com.runner.Runner<br>Test method: Runs Cucumber Scenarios<br>Parameters: "Register validation with valid inputs", "Optional[Register]"</td>
<td><div><pre>java.lang.AssertionError: expected [true] but found [false]
	at org.testng.Assert.fail(Assert.java:110)
	at org.testng.Assert.failNotEquals(Assert.java:1413)
	at org.testng.Assert.assertEqualsImpl(Assert.java:149)
	at org.testng.Assert.assertEquals(Assert.java:131)
	at org.testng.Assert.assertEquals(Assert.java:976)
	at org.testng.Assert.assertEquals(Assert.java:1010)
	at com.stepDefinations.RegisterStepDef.user_should_be_successfully_able_to_see_the_label_as(RegisterStepDef.java:46)
	at ✽.user should be successfully able to see the label as &quot;New Account Created.&quot;(file:///C:/Users/chpra/git/DS-ALGO/src/test/resources/features/2register.feature:13)
</pre></div><a href='#' onClick='toggleBox("stack-trace1610803524", this, "Click to show all stack frames", "Click to hide stack frames")'>Click to show all stack frames</a>
<div class='stack-trace' id='stack-trace1610803524'><pre>java.lang.AssertionError: expected [true] but found [false]
	at org.testng.Assert.fail(Assert.java:110)
	at org.testng.Assert.failNotEquals(Assert.java:1413)
	at org.testng.Assert.assertEqualsImpl(Assert.java:149)
	at org.testng.Assert.assertEquals(Assert.java:131)
	at org.testng.Assert.assertEquals(Assert.java:976)
	at org.testng.Assert.assertEquals(Assert.java:1010)
	at com.stepDefinations.RegisterStepDef.user_should_be_successfully_able_to_see_the_label_as(RegisterStepDef.java:46)
	at ✽.user should be successfully able to see the label as &quot;New Account Created.&quot;(file:///C:/Users/chpra/git/DS-ALGO/src/test/resources/features/2register.feature:13)
</pre></div></td>
<td>14</td>
<td>com.runner.Runner@bcec361</td></tr>
<tr>
<td title='com.runner.Runner.runScenario()'><b>runScenario</b><br>Test class: com.runner.Runner<br>Test method: Runs Cucumber Scenarios<br>Parameters: "Register validation with invalid inputs/ password format less than 8 characters", "Optional[Register]"</td>
<td><div><pre>io.cucumber.testng.UndefinedStepException: The step &apos;user enters &quot;swati@gmail.com&quot; &quot;abcde&quot; &quot;abcde&quot; password less than eight characters&apos; and 1 other step(s) are undefined.
You can implement these steps using the snippet(s) below:

@When(&quot;user enters {string} {string} {string} password less than eight characters&quot;)
public void user_enters_password_less_than_eight_characters(String string, String string2, String string3) {
    // Write code here that turns the phrase above into concrete actions
    throw new io.cucumber.java.PendingException();
}
@Then(&quot;user should get password atleast {int} char error message {string}&quot;)
public void user_should_get_password_atleast_char_error_message(Integer int1, String string) {
    // Write code here that turns the phrase above into concrete actions
    throw new io.cucumber.java.PendingException();
}

	at io.cucumber.core.runtime.TestCaseResultObserver.assertTestCasePassed(TestCaseResultObserver.java:69)
	at io.cucumber.testng.TestCaseResultObserver.assertTestCasePassed(TestCaseResultObserver.java:23)
	at io.cucumber.testng.TestNGCucumberRunner.lambda$runScenario$1(TestNGCucumberRunner.java:133)
	at io.cucumber.core.runtime.CucumberExecutionContext.lambda$runTestCase$3(CucumberExecutionContext.java:151)
	at io.cucumber.core.runtime.RethrowingThrowableCollector.executeAndThrow(RethrowingThrowableCollector.java:23)
	at io.cucumber.core.runtime.CucumberExecutionContext.runTestCase(CucumberExecutionContext.java:151)
	at io.cucumber.testng.TestNGCucumberRunner.runScenario(TestNGCucumberRunner.java:129)
	at io.cucumber.testng.AbstractTestNGCucumberTests.runScenario(AbstractTestNGCucumberTests.java:35)
	at java.base/jdk.internal.reflect.DirectMethodHandleAccessor.invoke(DirectMethodHandleAccessor.java:104)
	at java.base/java.lang.reflect.Method.invoke(Method.java:578)
	at org.testng.internal.invokers.MethodInvocationHelper.invokeMethod(MethodInvocationHelper.java:139)
	at org.testng.internal.invokers.TestInvoker.invokeMethod(TestInvoker.java:677)
	at org.testng.internal.invokers.TestInvoker.invokeTestMethod(TestInvoker.java:221)
	at org.testng.internal.invokers.MethodRunner.runInSequence(MethodRunner.java:50)
	at org.testng.internal.invokers.TestInvoker$MethodInvocationAgent.invoke(TestInvoker.java:969)
	at org.testng.internal.invokers.TestInvoker.invokeTestMethods(TestInvoker.java:194)
	at org.testng.internal.invokers.TestMethodWorker.invokeTestMethods(TestMethodWorker.java:148)
	at org.testng.internal.invokers.TestMethodWorker.run(TestMethodWorker.java:128)
	at java.base/java.util.ArrayList.forEach(ArrayList.java:1511)
	at org.testng.TestRunner.privateRun(TestRunner.java:829)
	at org.testng.TestRunner.run(TestRunner.java:602)
	at org.testng.SuiteRunner.runTest(SuiteRunner.java:437)
	at org.testng.SuiteRunner.runSequentially(SuiteRunner.java:431)
	at org.testng.SuiteRunner.privateRun(SuiteRunner.java:391)
	at org.testng.SuiteRunner.run(SuiteRunner.java:330)
	at org.testng.SuiteRunnerWorker.runSuite(SuiteRunnerWorker.java:52)
	at org.testng.SuiteRunnerWorker.run(SuiteRunnerWorker.java:95)
	at org.testng.TestNG.runSuitesSequentially(TestNG.java:1256)
	at org.testng.TestNG.runSuitesLocally(TestNG.java:1176)
	at org.testng.TestNG.runSuites(TestNG.java:1099)
	at org.testng.TestNG.run(TestNG.java:1067)
	at org.testng.remote.AbstractRemoteTestNG.run(AbstractRemoteTestNG.java:115)
	at org.testng.remote.RemoteTestNG.initAndRun(RemoteTestNG.java:251)
	at org.testng.remote.RemoteTestNG.main(RemoteTestNG.java:77)
</pre></div><a href='#' onClick='toggleBox("stack-trace945150386", this, "Click to show all stack frames", "Click to hide stack frames")'>Click to show all stack frames</a>
<div class='stack-trace' id='stack-trace945150386'><pre>io.cucumber.testng.UndefinedStepException: The step &apos;user enters &quot;swati@gmail.com&quot; &quot;abcde&quot; &quot;abcde&quot; password less than eight characters&apos; and 1 other step(s) are undefined.
You can implement these steps using the snippet(s) below:

@When(&quot;user enters {string} {string} {string} password less than eight characters&quot;)
public void user_enters_password_less_than_eight_characters(String string, String string2, String string3) {
    // Write code here that turns the phrase above into concrete actions
    throw new io.cucumber.java.PendingException();
}
@Then(&quot;user should get password atleast {int} char error message {string}&quot;)
public void user_should_get_password_atleast_char_error_message(Integer int1, String string) {
    // Write code here that turns the phrase above into concrete actions
    throw new io.cucumber.java.PendingException();
}

	at io.cucumber.core.runtime.TestCaseResultObserver.assertTestCasePassed(TestCaseResultObserver.java:69)
	at io.cucumber.testng.TestCaseResultObserver.assertTestCasePassed(TestCaseResultObserver.java:23)
	at io.cucumber.testng.TestNGCucumberRunner.lambda$runScenario$1(TestNGCucumberRunner.java:133)
	at io.cucumber.core.runtime.CucumberExecutionContext.lambda$runTestCase$3(CucumberExecutionContext.java:151)
	at io.cucumber.core.runtime.RethrowingThrowableCollector.executeAndThrow(RethrowingThrowableCollector.java:23)
	at io.cucumber.core.runtime.CucumberExecutionContext.runTestCase(CucumberExecutionContext.java:151)
	at io.cucumber.testng.TestNGCucumberRunner.runScenario(TestNGCucumberRunner.java:129)
	at io.cucumber.testng.AbstractTestNGCucumberTests.runScenario(AbstractTestNGCucumberTests.java:35)
	at java.base/jdk.internal.reflect.DirectMethodHandleAccessor.invoke(DirectMethodHandleAccessor.java:104)
	at java.base/java.lang.reflect.Method.invoke(Method.java:578)
	at org.testng.internal.invokers.MethodInvocationHelper.invokeMethod(MethodInvocationHelper.java:139)
	at org.testng.internal.invokers.TestInvoker.invokeMethod(TestInvoker.java:677)
	at org.testng.internal.invokers.TestInvoker.invokeTestMethod(TestInvoker.java:221)
	at org.testng.internal.invokers.MethodRunner.runInSequence(MethodRunner.java:50)
	at org.testng.internal.invokers.TestInvoker$MethodInvocationAgent.invoke(TestInvoker.java:969)
	at org.testng.internal.invokers.TestInvoker.invokeTestMethods(TestInvoker.java:194)
	at org.testng.internal.invokers.TestMethodWorker.invokeTestMethods(TestMethodWorker.java:148)
	at org.testng.internal.invokers.TestMethodWorker.run(TestMethodWorker.java:128)
	at java.base/java.util.ArrayList.forEach(ArrayList.java:1511)
	at org.testng.TestRunner.privateRun(TestRunner.java:829)
	at org.testng.TestRunner.run(TestRunner.java:602)
	at org.testng.SuiteRunner.runTest(SuiteRunner.java:437)
	at org.testng.SuiteRunner.runSequentially(SuiteRunner.java:431)
	at org.testng.SuiteRunner.privateRun(SuiteRunner.java:391)
	at org.testng.SuiteRunner.run(SuiteRunner.java:330)
	at org.testng.SuiteRunnerWorker.runSuite(SuiteRunnerWorker.java:52)
	at org.testng.SuiteRunnerWorker.run(SuiteRunnerWorker.java:95)
	at org.testng.TestNG.runSuitesSequentially(TestNG.java:1256)
	at org.testng.TestNG.runSuitesLocally(TestNG.java:1176)
	at org.testng.TestNG.runSuites(TestNG.java:1099)
	at org.testng.TestNG.run(TestNG.java:1067)
	at org.testng.remote.AbstractRemoteTestNG.run(AbstractRemoteTestNG.java:115)
	at org.testng.remote.RemoteTestNG.initAndRun(RemoteTestNG.java:251)
	at org.testng.remote.RemoteTestNG.main(RemoteTestNG.java:77)
</pre></div></td>
<td>5</td>
<td>com.runner.Runner@bcec361</td></tr>
<tr>
<td title='com.runner.Runner.runScenario()'><b>runScenario</b><br>Test class: com.runner.Runner<br>Test method: Runs Cucumber Scenarios<br>Parameters: "Register validation with invalid inputs/  password format all numeric", "Optional[Register]"</td>
<td><div><pre>io.cucumber.testng.UndefinedStepException: The step &apos;user enters &quot;swati@gmail.com&quot; &quot;12345&quot; &quot;12345&quot; password with all numeric input&apos; and 1 other step(s) are undefined.
You can implement these steps using the snippet(s) below:

@When(&quot;user enters {string} {string} {string} password with all numeric input&quot;)
public void user_enters_password_with_all_numeric_input(String string, String string2, String string3) {
    // Write code here that turns the phrase above into concrete actions
    throw new io.cucumber.java.PendingException();
}
@Then(&quot;user should get enter valid input error message {string}&quot;)
public void user_should_get_enter_valid_input_error_message(String string) {
    // Write code here that turns the phrase above into concrete actions
    throw new io.cucumber.java.PendingException();
}

	at io.cucumber.core.runtime.TestCaseResultObserver.assertTestCasePassed(TestCaseResultObserver.java:69)
	at io.cucumber.testng.TestCaseResultObserver.assertTestCasePassed(TestCaseResultObserver.java:23)
	at io.cucumber.testng.TestNGCucumberRunner.lambda$runScenario$1(TestNGCucumberRunner.java:133)
	at io.cucumber.core.runtime.CucumberExecutionContext.lambda$runTestCase$3(CucumberExecutionContext.java:151)
	at io.cucumber.core.runtime.RethrowingThrowableCollector.executeAndThrow(RethrowingThrowableCollector.java:23)
	at io.cucumber.core.runtime.CucumberExecutionContext.runTestCase(CucumberExecutionContext.java:151)
	at io.cucumber.testng.TestNGCucumberRunner.runScenario(TestNGCucumberRunner.java:129)
	at io.cucumber.testng.AbstractTestNGCucumberTests.runScenario(AbstractTestNGCucumberTests.java:35)
	at java.base/jdk.internal.reflect.DirectMethodHandleAccessor.invoke(DirectMethodHandleAccessor.java:104)
	at java.base/java.lang.reflect.Method.invoke(Method.java:578)
	at org.testng.internal.invokers.MethodInvocationHelper.invokeMethod(MethodInvocationHelper.java:139)
	at org.testng.internal.invokers.TestInvoker.invokeMethod(TestInvoker.java:677)
	at org.testng.internal.invokers.TestInvoker.invokeTestMethod(TestInvoker.java:221)
	at org.testng.internal.invokers.MethodRunner.runInSequence(MethodRunner.java:50)
	at org.testng.internal.invokers.TestInvoker$MethodInvocationAgent.invoke(TestInvoker.java:969)
	at org.testng.internal.invokers.TestInvoker.invokeTestMethods(TestInvoker.java:194)
	at org.testng.internal.invokers.TestMethodWorker.invokeTestMethods(TestMethodWorker.java:148)
	at org.testng.internal.invokers.TestMethodWorker.run(TestMethodWorker.java:128)
	at java.base/java.util.ArrayList.forEach(ArrayList.java:1511)
	at org.testng.TestRunner.privateRun(TestRunner.java:829)
	at org.testng.TestRunner.run(TestRunner.java:602)
	at org.testng.SuiteRunner.runTest(SuiteRunner.java:437)
	at org.testng.SuiteRunner.runSequentially(SuiteRunner.java:431)
	at org.testng.SuiteRunner.privateRun(SuiteRunner.java:391)
	at org.testng.SuiteRunner.run(SuiteRunner.java:330)
	at org.testng.SuiteRunnerWorker.runSuite(SuiteRunnerWorker.java:52)
	at org.testng.SuiteRunnerWorker.run(SuiteRunnerWorker.java:95)
	at org.testng.TestNG.runSuitesSequentially(TestNG.java:1256)
	at org.testng.TestNG.runSuitesLocally(TestNG.java:1176)
	at org.testng.TestNG.runSuites(TestNG.java:1099)
	at org.testng.TestNG.run(TestNG.java:1067)
	at org.testng.remote.AbstractRemoteTestNG.run(AbstractRemoteTestNG.java:115)
	at org.testng.remote.RemoteTestNG.initAndRun(RemoteTestNG.java:251)
	at org.testng.remote.RemoteTestNG.main(RemoteTestNG.java:77)
</pre></div><a href='#' onClick='toggleBox("stack-trace541713794", this, "Click to show all stack frames", "Click to hide stack frames")'>Click to show all stack frames</a>
<div class='stack-trace' id='stack-trace541713794'><pre>io.cucumber.testng.UndefinedStepException: The step &apos;user enters &quot;swati@gmail.com&quot; &quot;12345&quot; &quot;12345&quot; password with all numeric input&apos; and 1 other step(s) are undefined.
You can implement these steps using the snippet(s) below:

@When(&quot;user enters {string} {string} {string} password with all numeric input&quot;)
public void user_enters_password_with_all_numeric_input(String string, String string2, String string3) {
    // Write code here that turns the phrase above into concrete actions
    throw new io.cucumber.java.PendingException();
}
@Then(&quot;user should get enter valid input error message {string}&quot;)
public void user_should_get_enter_valid_input_error_message(String string) {
    // Write code here that turns the phrase above into concrete actions
    throw new io.cucumber.java.PendingException();
}

	at io.cucumber.core.runtime.TestCaseResultObserver.assertTestCasePassed(TestCaseResultObserver.java:69)
	at io.cucumber.testng.TestCaseResultObserver.assertTestCasePassed(TestCaseResultObserver.java:23)
	at io.cucumber.testng.TestNGCucumberRunner.lambda$runScenario$1(TestNGCucumberRunner.java:133)
	at io.cucumber.core.runtime.CucumberExecutionContext.lambda$runTestCase$3(CucumberExecutionContext.java:151)
	at io.cucumber.core.runtime.RethrowingThrowableCollector.executeAndThrow(RethrowingThrowableCollector.java:23)
	at io.cucumber.core.runtime.CucumberExecutionContext.runTestCase(CucumberExecutionContext.java:151)
	at io.cucumber.testng.TestNGCucumberRunner.runScenario(TestNGCucumberRunner.java:129)
	at io.cucumber.testng.AbstractTestNGCucumberTests.runScenario(AbstractTestNGCucumberTests.java:35)
	at java.base/jdk.internal.reflect.DirectMethodHandleAccessor.invoke(DirectMethodHandleAccessor.java:104)
	at java.base/java.lang.reflect.Method.invoke(Method.java:578)
	at org.testng.internal.invokers.MethodInvocationHelper.invokeMethod(MethodInvocationHelper.java:139)
	at org.testng.internal.invokers.TestInvoker.invokeMethod(TestInvoker.java:677)
	at org.testng.internal.invokers.TestInvoker.invokeTestMethod(TestInvoker.java:221)
	at org.testng.internal.invokers.MethodRunner.runInSequence(MethodRunner.java:50)
	at org.testng.internal.invokers.TestInvoker$MethodInvocationAgent.invoke(TestInvoker.java:969)
	at org.testng.internal.invokers.TestInvoker.invokeTestMethods(TestInvoker.java:194)
	at org.testng.internal.invokers.TestMethodWorker.invokeTestMethods(TestMethodWorker.java:148)
	at org.testng.internal.invokers.TestMethodWorker.run(TestMethodWorker.java:128)
	at java.base/java.util.ArrayList.forEach(ArrayList.java:1511)
	at org.testng.TestRunner.privateRun(TestRunner.java:829)
	at org.testng.TestRunner.run(TestRunner.java:602)
	at org.testng.SuiteRunner.runTest(SuiteRunner.java:437)
	at org.testng.SuiteRunner.runSequentially(SuiteRunner.java:431)
	at org.testng.SuiteRunner.privateRun(SuiteRunner.java:391)
	at org.testng.SuiteRunner.run(SuiteRunner.java:330)
	at org.testng.SuiteRunnerWorker.runSuite(SuiteRunnerWorker.java:52)
	at org.testng.SuiteRunnerWorker.run(SuiteRunnerWorker.java:95)
	at org.testng.TestNG.runSuitesSequentially(TestNG.java:1256)
	at org.testng.TestNG.runSuitesLocally(TestNG.java:1176)
	at org.testng.TestNG.runSuites(TestNG.java:1099)
	at org.testng.TestNG.run(TestNG.java:1067)
	at org.testng.remote.AbstractRemoteTestNG.run(AbstractRemoteTestNG.java:115)
	at org.testng.remote.RemoteTestNG.initAndRun(RemoteTestNG.java:251)
	at org.testng.remote.RemoteTestNG.main(RemoteTestNG.java:77)
</pre></div></td>
<td>4</td>
<td>com.runner.Runner@bcec361</td></tr>
<tr>
<td title='com.runner.Runner.runScenario()'><b>runScenario</b><br>Test class: com.runner.Runner<br>Test method: Runs Cucumber Scenarios<br>Parameters: "Register validation with invalid inputs/ password mismatch", "Optional[Register]"</td>
<td><div><pre>org.openqa.selenium.StaleElementReferenceException: stale element reference: element is not attached to the page document
  (Session info: chrome=108.0.5359.125)
For documentation on this error, please visit: https://selenium.dev/exceptions/#stale_element_reference
Build info: version: &apos;4.7.1&apos;, revision: &apos;c6795baf1a3&apos;
System info: os.name: &apos;Windows 11&apos;, os.arch: &apos;amd64&apos;, os.version: &apos;10.0&apos;, java.version: &apos;19.0.1&apos;
Driver info: org.openqa.selenium.chrome.ChromeDriver
Command: [7be0f9acfedc1324456869915f33cdaf, getElementText {id=fe06a1a8-86f7-4893-a1f5-791f84d05ad2}]
Capabilities {acceptInsecureCerts: false, browserName: chrome, browserVersion: 108.0.5359.125, chrome: {chromedriverVersion: 108.0.5359.71 (1e0e3868ee06..., userDataDir: C:\Users\chpra\AppData\Loca...}, goog:chromeOptions: {debuggerAddress: localhost:57780}, networkConnectionEnabled: false, pageLoadStrategy: normal, platformName: WINDOWS, proxy: Proxy(), se:cdp: ws://localhost:57780/devtoo..., se:cdpVersion: 108.0.5359.125, setWindowRect: true, strictFileInteractability: false, timeouts: {implicit: 0, pageLoad: 300000, script: 30000}, unhandledPromptBehavior: dismiss and notify, webauthn:extension:credBlob: true, webauthn:extension:largeBlob: true, webauthn:virtualAuthenticators: true}
Element: [[ChromeDriver: chrome on WINDOWS (7be0f9acfedc1324456869915f33cdaf)] -&gt; id: id_password1]
Session ID: 7be0f9acfedc1324456869915f33cdaf
	at java.base/jdk.internal.reflect.DirectConstructorHandleAccessor.newInstance(DirectConstructorHandleAccessor.java:67)
	at java.base/java.lang.reflect.Constructor.newInstanceWithCaller(Constructor.java:500)
	at java.base/java.lang.reflect.Constructor.newInstance(Constructor.java:484)
	at org.openqa.selenium.remote.codec.w3c.W3CHttpResponseCodec.createException(W3CHttpResponseCodec.java:200)
	at org.openqa.selenium.remote.codec.w3c.W3CHttpResponseCodec.decode(W3CHttpResponseCodec.java:133)
	at org.openqa.selenium.remote.codec.w3c.W3CHttpResponseCodec.decode(W3CHttpResponseCodec.java:53)
	at org.openqa.selenium.remote.HttpCommandExecutor.execute(HttpCommandExecutor.java:184)
	at org.openqa.selenium.remote.service.DriverCommandExecutor.invokeExecute(DriverCommandExecutor.java:167)
	at org.openqa.selenium.remote.service.DriverCommandExecutor.execute(DriverCommandExecutor.java:142)
	at org.openqa.selenium.remote.RemoteWebDriver.execute(RemoteWebDriver.java:551)
	at org.openqa.selenium.remote.RemoteWebElement.execute(RemoteWebElement.java:257)
	at org.openqa.selenium.remote.RemoteWebElement.getText(RemoteWebElement.java:207)
	at java.base/jdk.internal.reflect.DirectMethodHandleAccessor.invoke(DirectMethodHandleAccessor.java:104)
	at java.base/java.lang.reflect.Method.invoke(Method.java:578)
	at org.openqa.selenium.support.pagefactory.internal.LocatingElementHandler.invoke(LocatingElementHandler.java:52)
	at jdk.proxy2/jdk.proxy2.$Proxy28.getText(Unknown Source)
	at com.pageObjects.RegisterPage.validationPwdMismatch(RegisterPage.java:125)
	at com.stepDefinations.RegisterStepDef.user_should_get_a_password_mismatch_error_message(RegisterStepDef.java:130)
	at ✽.user should get a password mismatch error message &quot;password_mismatch:The two password fields didn’t match.&quot;(file:///C:/Users/chpra/git/DS-ALGO/src/test/resources/features/2register.feature:70)
</pre></div><a href='#' onClick='toggleBox("stack-trace79486225", this, "Click to show all stack frames", "Click to hide stack frames")'>Click to show all stack frames</a>
<div class='stack-trace' id='stack-trace79486225'><pre>org.openqa.selenium.StaleElementReferenceException: stale element reference: element is not attached to the page document
  (Session info: chrome=108.0.5359.125)
For documentation on this error, please visit: https://selenium.dev/exceptions/#stale_element_reference
Build info: version: &apos;4.7.1&apos;, revision: &apos;c6795baf1a3&apos;
System info: os.name: &apos;Windows 11&apos;, os.arch: &apos;amd64&apos;, os.version: &apos;10.0&apos;, java.version: &apos;19.0.1&apos;
Driver info: org.openqa.selenium.chrome.ChromeDriver
Command: [7be0f9acfedc1324456869915f33cdaf, getElementText {id=fe06a1a8-86f7-4893-a1f5-791f84d05ad2}]
Capabilities {acceptInsecureCerts: false, browserName: chrome, browserVersion: 108.0.5359.125, chrome: {chromedriverVersion: 108.0.5359.71 (1e0e3868ee06..., userDataDir: C:\Users\chpra\AppData\Loca...}, goog:chromeOptions: {debuggerAddress: localhost:57780}, networkConnectionEnabled: false, pageLoadStrategy: normal, platformName: WINDOWS, proxy: Proxy(), se:cdp: ws://localhost:57780/devtoo..., se:cdpVersion: 108.0.5359.125, setWindowRect: true, strictFileInteractability: false, timeouts: {implicit: 0, pageLoad: 300000, script: 30000}, unhandledPromptBehavior: dismiss and notify, webauthn:extension:credBlob: true, webauthn:extension:largeBlob: true, webauthn:virtualAuthenticators: true}
Element: [[ChromeDriver: chrome on WINDOWS (7be0f9acfedc1324456869915f33cdaf)] -&gt; id: id_password1]
Session ID: 7be0f9acfedc1324456869915f33cdaf
	at java.base/jdk.internal.reflect.DirectConstructorHandleAccessor.newInstance(DirectConstructorHandleAccessor.java:67)
	at java.base/java.lang.reflect.Constructor.newInstanceWithCaller(Constructor.java:500)
	at java.base/java.lang.reflect.Constructor.newInstance(Constructor.java:484)
	at org.openqa.selenium.remote.codec.w3c.W3CHttpResponseCodec.createException(W3CHttpResponseCodec.java:200)
	at org.openqa.selenium.remote.codec.w3c.W3CHttpResponseCodec.decode(W3CHttpResponseCodec.java:133)
	at org.openqa.selenium.remote.codec.w3c.W3CHttpResponseCodec.decode(W3CHttpResponseCodec.java:53)
	at org.openqa.selenium.remote.HttpCommandExecutor.execute(HttpCommandExecutor.java:184)
	at org.openqa.selenium.remote.service.DriverCommandExecutor.invokeExecute(DriverCommandExecutor.java:167)
	at org.openqa.selenium.remote.service.DriverCommandExecutor.execute(DriverCommandExecutor.java:142)
	at org.openqa.selenium.remote.RemoteWebDriver.execute(RemoteWebDriver.java:551)
	at org.openqa.selenium.remote.RemoteWebElement.execute(RemoteWebElement.java:257)
	at org.openqa.selenium.remote.RemoteWebElement.getText(RemoteWebElement.java:207)
	at java.base/jdk.internal.reflect.DirectMethodHandleAccessor.invoke(DirectMethodHandleAccessor.java:104)
	at java.base/java.lang.reflect.Method.invoke(Method.java:578)
	at org.openqa.selenium.support.pagefactory.internal.LocatingElementHandler.invoke(LocatingElementHandler.java:52)
	at jdk.proxy2/jdk.proxy2.$Proxy28.getText(Unknown Source)
	at com.pageObjects.RegisterPage.validationPwdMismatch(RegisterPage.java:125)
	at com.stepDefinations.RegisterStepDef.user_should_get_a_password_mismatch_error_message(RegisterStepDef.java:130)
	at ✽.user should get a password mismatch error message &quot;password_mismatch:The two password fields didn’t match.&quot;(file:///C:/Users/chpra/git/DS-ALGO/src/test/resources/features/2register.feature:70)
</pre></div></td>
<td>17</td>
<td>com.runner.Runner@bcec361</td></tr>
<tr>
<td title='com.runner.Runner.runScenario()'><b>runScenario</b><br>Test class: com.runner.Runner<br>Test method: Runs Cucumber Scenarios<br>Parameters: "signIn validation with inValid inputs", "Optional[Login]"</td>
<td><div><pre>java.lang.NullPointerException: Cannot invoke &quot;com.pageObjects.StartPage.clickGetStartedBtn()&quot; because &quot;this.sp&quot; is null
	at com.stepDefinations.RegisterStepDef.user_clicks_on_button(RegisterStepDef.java:24)
	at ✽.user clicks on &quot;Get started&quot; button(file:///C:/Users/chpra/git/DS-ALGO/src/test/resources/features/login.feature:5)
</pre></div><a href='#' onClick='toggleBox("stack-trace1907517568", this, "Click to show all stack frames", "Click to hide stack frames")'>Click to show all stack frames</a>
<div class='stack-trace' id='stack-trace1907517568'><pre>java.lang.NullPointerException: Cannot invoke &quot;com.pageObjects.StartPage.clickGetStartedBtn()&quot; because &quot;this.sp&quot; is null
	at com.stepDefinations.RegisterStepDef.user_clicks_on_button(RegisterStepDef.java:24)
	at ✽.user clicks on &quot;Get started&quot; button(file:///C:/Users/chpra/git/DS-ALGO/src/test/resources/features/login.feature:5)
</pre></div></td>
<td>0</td>
<td>com.runner.Runner@bcec361</td></tr>
<tr>
<td title='com.runner.Runner.runScenario()'><b>runScenario</b><br>Test class: com.runner.Runner<br>Test method: Runs Cucumber Scenarios<br>Parameters: "signIn validation with inValid inputs", "Optional[Login]"</td>
<td><div><pre>java.lang.NullPointerException: Cannot invoke &quot;com.pageObjects.StartPage.clickGetStartedBtn()&quot; because &quot;this.sp&quot; is null
	at com.stepDefinations.RegisterStepDef.user_clicks_on_button(RegisterStepDef.java:24)
	at ✽.user clicks on &quot;Get started&quot; button(file:///C:/Users/chpra/git/DS-ALGO/src/test/resources/features/login.feature:5)
</pre></div><a href='#' onClick='toggleBox("stack-trace2078510778", this, "Click to show all stack frames", "Click to hide stack frames")'>Click to show all stack frames</a>
<div class='stack-trace' id='stack-trace2078510778'><pre>java.lang.NullPointerException: Cannot invoke &quot;com.pageObjects.StartPage.clickGetStartedBtn()&quot; because &quot;this.sp&quot; is null
	at com.stepDefinations.RegisterStepDef.user_clicks_on_button(RegisterStepDef.java:24)
	at ✽.user clicks on &quot;Get started&quot; button(file:///C:/Users/chpra/git/DS-ALGO/src/test/resources/features/login.feature:5)
</pre></div></td>
<td>0</td>
<td>com.runner.Runner@bcec361</td></tr>
<tr>
<td title='com.runner.Runner.runScenario()'><b>runScenario</b><br>Test class: com.runner.Runner<br>Test method: Runs Cucumber Scenarios<br>Parameters: "Register validation with invalid inputs/ similar fields", "Optional[Register]"</td>
<td><div><pre>io.cucumber.testng.UndefinedStepException: The step &apos;user enters the &quot;swati@123&quot; &quot;swati@123&quot; &quot;swati@123&quot; all similar to one another&apos; and 1 other step(s) are undefined.
You can implement these steps using the snippet(s) below:

@When(&quot;user enters the {string} {string} {string} all similar to one another&quot;)
public void user_enters_the_all_similar_to_one_another(String string, String string2, String string3) {
    // Write code here that turns the phrase above into concrete actions
    throw new io.cucumber.java.PendingException();
}
@Then(&quot;user should get password not similar to username error message {string}&quot;)
public void user_should_get_password_not_similar_to_username_error_message(String string) {
    // Write code here that turns the phrase above into concrete actions
    throw new io.cucumber.java.PendingException();
}

	at io.cucumber.core.runtime.TestCaseResultObserver.assertTestCasePassed(TestCaseResultObserver.java:69)
	at io.cucumber.testng.TestCaseResultObserver.assertTestCasePassed(TestCaseResultObserver.java:23)
	at io.cucumber.testng.TestNGCucumberRunner.lambda$runScenario$1(TestNGCucumberRunner.java:133)
	at io.cucumber.core.runtime.CucumberExecutionContext.lambda$runTestCase$3(CucumberExecutionContext.java:151)
	at io.cucumber.core.runtime.RethrowingThrowableCollector.executeAndThrow(RethrowingThrowableCollector.java:23)
	at io.cucumber.core.runtime.CucumberExecutionContext.runTestCase(CucumberExecutionContext.java:151)
	at io.cucumber.testng.TestNGCucumberRunner.runScenario(TestNGCucumberRunner.java:129)
	at io.cucumber.testng.AbstractTestNGCucumberTests.runScenario(AbstractTestNGCucumberTests.java:35)
	at java.base/jdk.internal.reflect.DirectMethodHandleAccessor.invoke(DirectMethodHandleAccessor.java:104)
	at java.base/java.lang.reflect.Method.invoke(Method.java:578)
	at org.testng.internal.invokers.MethodInvocationHelper.invokeMethod(MethodInvocationHelper.java:139)
	at org.testng.internal.invokers.TestInvoker.invokeMethod(TestInvoker.java:677)
	at org.testng.internal.invokers.TestInvoker.invokeTestMethod(TestInvoker.java:221)
	at org.testng.internal.invokers.MethodRunner.runInSequence(MethodRunner.java:50)
	at org.testng.internal.invokers.TestInvoker$MethodInvocationAgent.invoke(TestInvoker.java:969)
	at org.testng.internal.invokers.TestInvoker.invokeTestMethods(TestInvoker.java:194)
	at org.testng.internal.invokers.TestMethodWorker.invokeTestMethods(TestMethodWorker.java:148)
	at org.testng.internal.invokers.TestMethodWorker.run(TestMethodWorker.java:128)
	at java.base/java.util.ArrayList.forEach(ArrayList.java:1511)
	at org.testng.TestRunner.privateRun(TestRunner.java:829)
	at org.testng.TestRunner.run(TestRunner.java:602)
	at org.testng.SuiteRunner.runTest(SuiteRunner.java:437)
	at org.testng.SuiteRunner.runSequentially(SuiteRunner.java:431)
	at org.testng.SuiteRunner.privateRun(SuiteRunner.java:391)
	at org.testng.SuiteRunner.run(SuiteRunner.java:330)
	at org.testng.SuiteRunnerWorker.runSuite(SuiteRunnerWorker.java:52)
	at org.testng.SuiteRunnerWorker.run(SuiteRunnerWorker.java:95)
	at org.testng.TestNG.runSuitesSequentially(TestNG.java:1256)
	at org.testng.TestNG.runSuitesLocally(TestNG.java:1176)
	at org.testng.TestNG.runSuites(TestNG.java:1099)
	at org.testng.TestNG.run(TestNG.java:1067)
	at org.testng.remote.AbstractRemoteTestNG.run(AbstractRemoteTestNG.java:115)
	at org.testng.remote.RemoteTestNG.initAndRun(RemoteTestNG.java:251)
	at org.testng.remote.RemoteTestNG.main(RemoteTestNG.java:77)
</pre></div><a href='#' onClick='toggleBox("stack-trace431618307", this, "Click to show all stack frames", "Click to hide stack frames")'>Click to show all stack frames</a>
<div class='stack-trace' id='stack-trace431618307'><pre>io.cucumber.testng.UndefinedStepException: The step &apos;user enters the &quot;swati@123&quot; &quot;swati@123&quot; &quot;swati@123&quot; all similar to one another&apos; and 1 other step(s) are undefined.
You can implement these steps using the snippet(s) below:

@When(&quot;user enters the {string} {string} {string} all similar to one another&quot;)
public void user_enters_the_all_similar_to_one_another(String string, String string2, String string3) {
    // Write code here that turns the phrase above into concrete actions
    throw new io.cucumber.java.PendingException();
}
@Then(&quot;user should get password not similar to username error message {string}&quot;)
public void user_should_get_password_not_similar_to_username_error_message(String string) {
    // Write code here that turns the phrase above into concrete actions
    throw new io.cucumber.java.PendingException();
}

	at io.cucumber.core.runtime.TestCaseResultObserver.assertTestCasePassed(TestCaseResultObserver.java:69)
	at io.cucumber.testng.TestCaseResultObserver.assertTestCasePassed(TestCaseResultObserver.java:23)
	at io.cucumber.testng.TestNGCucumberRunner.lambda$runScenario$1(TestNGCucumberRunner.java:133)
	at io.cucumber.core.runtime.CucumberExecutionContext.lambda$runTestCase$3(CucumberExecutionContext.java:151)
	at io.cucumber.core.runtime.RethrowingThrowableCollector.executeAndThrow(RethrowingThrowableCollector.java:23)
	at io.cucumber.core.runtime.CucumberExecutionContext.runTestCase(CucumberExecutionContext.java:151)
	at io.cucumber.testng.TestNGCucumberRunner.runScenario(TestNGCucumberRunner.java:129)
	at io.cucumber.testng.AbstractTestNGCucumberTests.runScenario(AbstractTestNGCucumberTests.java:35)
	at java.base/jdk.internal.reflect.DirectMethodHandleAccessor.invoke(DirectMethodHandleAccessor.java:104)
	at java.base/java.lang.reflect.Method.invoke(Method.java:578)
	at org.testng.internal.invokers.MethodInvocationHelper.invokeMethod(MethodInvocationHelper.java:139)
	at org.testng.internal.invokers.TestInvoker.invokeMethod(TestInvoker.java:677)
	at org.testng.internal.invokers.TestInvoker.invokeTestMethod(TestInvoker.java:221)
	at org.testng.internal.invokers.MethodRunner.runInSequence(MethodRunner.java:50)
	at org.testng.internal.invokers.TestInvoker$MethodInvocationAgent.invoke(TestInvoker.java:969)
	at org.testng.internal.invokers.TestInvoker.invokeTestMethods(TestInvoker.java:194)
	at org.testng.internal.invokers.TestMethodWorker.invokeTestMethods(TestMethodWorker.java:148)
	at org.testng.internal.invokers.TestMethodWorker.run(TestMethodWorker.java:128)
	at java.base/java.util.ArrayList.forEach(ArrayList.java:1511)
	at org.testng.TestRunner.privateRun(TestRunner.java:829)
	at org.testng.TestRunner.run(TestRunner.java:602)
	at org.testng.SuiteRunner.runTest(SuiteRunner.java:437)
	at org.testng.SuiteRunner.runSequentially(SuiteRunner.java:431)
	at org.testng.SuiteRunner.privateRun(SuiteRunner.java:391)
	at org.testng.SuiteRunner.run(SuiteRunner.java:330)
	at org.testng.SuiteRunnerWorker.runSuite(SuiteRunnerWorker.java:52)
	at org.testng.SuiteRunnerWorker.run(SuiteRunnerWorker.java:95)
	at org.testng.TestNG.runSuitesSequentially(TestNG.java:1256)
	at org.testng.TestNG.runSuitesLocally(TestNG.java:1176)
	at org.testng.TestNG.runSuites(TestNG.java:1099)
	at org.testng.TestNG.run(TestNG.java:1067)
	at org.testng.remote.AbstractRemoteTestNG.run(AbstractRemoteTestNG.java:115)
	at org.testng.remote.RemoteTestNG.initAndRun(RemoteTestNG.java:251)
	at org.testng.remote.RemoteTestNG.main(RemoteTestNG.java:77)
</pre></div></td>
<td>4</td>
<td>com.runner.Runner@bcec361</td></tr>
<tr>
<td title='com.runner.Runner.runScenario()'><b>runScenario</b><br>Test class: com.runner.Runner<br>Test method: Runs Cucumber Scenarios<br>Parameters: "", "Optional[Login]"</td>
<td><div><pre>java.lang.NullPointerException: Cannot invoke &quot;com.pageObjects.StartPage.clickGetStartedBtn()&quot; because &quot;this.sp&quot; is null
	at com.stepDefinations.RegisterStepDef.user_clicks_on_button(RegisterStepDef.java:24)
	at ✽.user clicks on &quot;Get started&quot; button(file:///C:/Users/chpra/git/DS-ALGO/src/test/resources/features/login.feature:5)
</pre></div><a href='#' onClick='toggleBox("stack-trace1113898680", this, "Click to show all stack frames", "Click to hide stack frames")'>Click to show all stack frames</a>
<div class='stack-trace' id='stack-trace1113898680'><pre>java.lang.NullPointerException: Cannot invoke &quot;com.pageObjects.StartPage.clickGetStartedBtn()&quot; because &quot;this.sp&quot; is null
	at com.stepDefinations.RegisterStepDef.user_clicks_on_button(RegisterStepDef.java:24)
	at ✽.user clicks on &quot;Get started&quot; button(file:///C:/Users/chpra/git/DS-ALGO/src/test/resources/features/login.feature:5)
</pre></div></td>
<td>0</td>
<td>com.runner.Runner@bcec361</td></tr>
<tr>
<td title='com.runner.Runner.runScenario()'><b>runScenario</b><br>Test class: com.runner.Runner<br>Test method: Runs Cucumber Scenarios<br>Parameters: "signIn validation with valid inputs", "Optional[Login]"</td>
<td><div><pre>java.lang.NullPointerException: Cannot invoke &quot;com.pageObjects.StartPage.clickGetStartedBtn()&quot; because &quot;this.sp&quot; is null
	at com.stepDefinations.RegisterStepDef.user_clicks_on_button(RegisterStepDef.java:24)
	at ✽.user clicks on &quot;Get started&quot; button(file:///C:/Users/chpra/git/DS-ALGO/src/test/resources/features/login.feature:5)
</pre></div><a href='#' onClick='toggleBox("stack-trace1086811994", this, "Click to show all stack frames", "Click to hide stack frames")'>Click to show all stack frames</a>
<div class='stack-trace' id='stack-trace1086811994'><pre>java.lang.NullPointerException: Cannot invoke &quot;com.pageObjects.StartPage.clickGetStartedBtn()&quot; because &quot;this.sp&quot; is null
	at com.stepDefinations.RegisterStepDef.user_clicks_on_button(RegisterStepDef.java:24)
	at ✽.user clicks on &quot;Get started&quot; button(file:///C:/Users/chpra/git/DS-ALGO/src/test/resources/features/login.feature:5)
</pre></div></td>
<td>0</td>
<td>com.runner.Runner@bcec361</td></tr>
<tr>
<td title='com.runner.Runner.runScenario()'><b>runScenario</b><br>Test class: com.runner.Runner<br>Test method: Runs Cucumber Scenarios<br>Parameters: "signIn validation with valid inputs", "Optional[Login]"</td>
<td><div><pre>java.lang.NullPointerException: Cannot invoke &quot;com.pageObjects.StartPage.clickGetStartedBtn()&quot; because &quot;this.sp&quot; is null
	at com.stepDefinations.RegisterStepDef.user_clicks_on_button(RegisterStepDef.java:24)
	at ✽.user clicks on &quot;Get started&quot; button(file:///C:/Users/chpra/git/DS-ALGO/src/test/resources/features/login.feature:5)
</pre></div><a href='#' onClick='toggleBox("stack-trace1698322791", this, "Click to show all stack frames", "Click to hide stack frames")'>Click to show all stack frames</a>
<div class='stack-trace' id='stack-trace1698322791'><pre>java.lang.NullPointerException: Cannot invoke &quot;com.pageObjects.StartPage.clickGetStartedBtn()&quot; because &quot;this.sp&quot; is null
	at com.stepDefinations.RegisterStepDef.user_clicks_on_button(RegisterStepDef.java:24)
	at ✽.user clicks on &quot;Get started&quot; button(file:///C:/Users/chpra/git/DS-ALGO/src/test/resources/features/login.feature:5)
</pre></div></td>
<td>0</td>
<td>com.runner.Runner@bcec361</td></tr>
<tr>
<td title='com.runner.Runner.runScenario()'><b>runScenario</b><br>Test class: com.runner.Runner<br>Test method: Runs Cucumber Scenarios<br>Parameters: "signIn validation with inValid inputs", "Optional[Login]"</td>
<td><div><pre>java.lang.NullPointerException: Cannot invoke &quot;com.pageObjects.StartPage.clickGetStartedBtn()&quot; because &quot;this.sp&quot; is null
	at com.stepDefinations.RegisterStepDef.user_clicks_on_button(RegisterStepDef.java:24)
	at ✽.user clicks on &quot;Get started&quot; button(file:///C:/Users/chpra/git/DS-ALGO/src/test/resources/features/login.feature:5)
</pre></div><a href='#' onClick='toggleBox("stack-trace1275477177", this, "Click to show all stack frames", "Click to hide stack frames")'>Click to show all stack frames</a>
<div class='stack-trace' id='stack-trace1275477177'><pre>java.lang.NullPointerException: Cannot invoke &quot;com.pageObjects.StartPage.clickGetStartedBtn()&quot; because &quot;this.sp&quot; is null
	at com.stepDefinations.RegisterStepDef.user_clicks_on_button(RegisterStepDef.java:24)
	at ✽.user clicks on &quot;Get started&quot; button(file:///C:/Users/chpra/git/DS-ALGO/src/test/resources/features/login.feature:5)
</pre></div></td>
<td>0</td>
<td>com.runner.Runner@bcec361</td></tr>
</table><p>
<table width='100%' border='1' class='invocation-passed'>
<tr><td colspan='4' align='center'><b>PASSED TESTS</b></td></tr>
<tr><td><b>Test method</b></td>
<td><b>Attribute(s)</b></td>
<td width="30%"><b>Exception</b></td>
<td width="10%"><b>Time (seconds)</b></td>
<td><b>Instance</b></td>
</tr>
<tr>
<td title='com.runner.Runner.runScenario()'><b>runScenario</b><br>Test class: com.runner.Runner<br>Test method: Runs Cucumber Scenarios<br>Parameters: "validation of Start Page", "Optional[Start page]"</td>
<td></td>
<td>14</td>
<td>com.runner.Runner@bcec361</td></tr>
<tr>
<td title='com.runner.Runner.runScenario()'><b>runScenario</b><br>Test class: com.runner.Runner<br>Test method: Runs Cucumber Scenarios<br>Parameters: "Register validation with invalid inputs", "Optional[Register]"</td>
<td></td>
<td>10</td>
<td>com.runner.Runner@bcec361</td></tr>
<tr>
<td title='com.runner.Runner.runScenario()'><b>runScenario</b><br>Test class: com.runner.Runner<br>Test method: Runs Cucumber Scenarios<br>Parameters: "Register validation with invalid inputs/blank fields", "Optional[Register]"</td>
<td></td>
<td>12</td>
<td>com.runner.Runner@bcec361</td></tr>
<tr>
<td title='com.runner.Runner.runScenario()'><b>runScenario</b><br>Test class: com.runner.Runner<br>Test method: Runs Cucumber Scenarios<br>Parameters: "Register validation with invalid inputs/blank fields", "Optional[Register]"</td>
<td></td>
<td>12</td>
<td>com.runner.Runner@bcec361</td></tr>
<tr>
<td title='com.runner.Runner.runScenario()'><b>runScenario</b><br>Test class: com.runner.Runner<br>Test method: Runs Cucumber Scenarios<br>Parameters: "Register validation with invalid inputs/blank fields", "Optional[Register]"</td>
<td></td>
<td>15</td>
<td>com.runner.Runner@bcec361</td></tr>
<tr>
<td title='com.runner.Runner.runScenario()'><b>runScenario</b><br>Test class: com.runner.Runner<br>Test method: Runs Cucumber Scenarios<br>Parameters: "Register validation with invalid inputs/blank fields", "Optional[Register]"</td>
<td></td>
<td>12</td>
<td>com.runner.Runner@bcec361</td></tr>
<tr>
<td title='com.runner.Runner.runScenario()'><b>runScenario</b><br>Test class: com.runner.Runner<br>Test method: Runs Cucumber Scenarios<br>Parameters: "Register validation with invalid inputs/blank fields", "Optional[Register]"</td>
<td></td>
<td>15</td>
<td>com.runner.Runner@bcec361</td></tr>
</table><p>
</body>
</html>